0 info it worked if it ends with ok
1 verbose cli [ 'node',
1 verbose cli   '/usr/local/bin/npm',
1 verbose cli   'install',
1 verbose cli   '-g',
1 verbose cli   'foundation-cli',
1 verbose cli   'bower',
1 verbose cli   'gulp' ]
2 info using npm@1.4.28
3 info using node@v0.10.33
4 verbose cache add [ 'foundation-cli', null ]
5 verbose cache add name=undefined spec="foundation-cli" args=["foundation-cli",null]
6 verbose parsed url { protocol: null,
6 verbose parsed url   slashes: null,
6 verbose parsed url   auth: null,
6 verbose parsed url   host: null,
6 verbose parsed url   port: null,
6 verbose parsed url   hostname: null,
6 verbose parsed url   hash: null,
6 verbose parsed url   search: null,
6 verbose parsed url   query: null,
6 verbose parsed url   pathname: 'foundation-cli',
6 verbose parsed url   path: 'foundation-cli',
6 verbose parsed url   href: 'foundation-cli' }
7 verbose cache add [ 'bower', null ]
8 verbose cache add name=undefined spec="bower" args=["bower",null]
9 verbose parsed url { protocol: null,
9 verbose parsed url   slashes: null,
9 verbose parsed url   auth: null,
9 verbose parsed url   host: null,
9 verbose parsed url   port: null,
9 verbose parsed url   hostname: null,
9 verbose parsed url   hash: null,
9 verbose parsed url   search: null,
9 verbose parsed url   query: null,
9 verbose parsed url   pathname: 'bower',
9 verbose parsed url   path: 'bower',
9 verbose parsed url   href: 'bower' }
10 verbose cache add [ 'gulp', null ]
11 verbose cache add name=undefined spec="gulp" args=["gulp",null]
12 verbose parsed url { protocol: null,
12 verbose parsed url   slashes: null,
12 verbose parsed url   auth: null,
12 verbose parsed url   host: null,
12 verbose parsed url   port: null,
12 verbose parsed url   hostname: null,
12 verbose parsed url   hash: null,
12 verbose parsed url   search: null,
12 verbose parsed url   query: null,
12 verbose parsed url   pathname: 'gulp',
12 verbose parsed url   path: 'gulp',
12 verbose parsed url   href: 'gulp' }
13 silly lockFile ea390e6f-foundation-cli foundation-cli
14 verbose lock foundation-cli /Users/Nathaniel/.npm/ea390e6f-foundation-cli.lock
15 silly lockFile 206e3ce5-bower bower
16 verbose lock bower /Users/Nathaniel/.npm/206e3ce5-bower.lock
17 silly lockFile 9750c68d-gulp gulp
18 verbose lock gulp /Users/Nathaniel/.npm/9750c68d-gulp.lock
19 silly lockFile ea390e6f-foundation-cli foundation-cli
20 silly lockFile ea390e6f-foundation-cli foundation-cli
21 silly lockFile 206e3ce5-bower bower
22 silly lockFile 206e3ce5-bower bower
23 silly lockFile 9750c68d-gulp gulp
24 silly lockFile 9750c68d-gulp gulp
25 verbose addNamed [ 'foundation-cli', '' ]
26 verbose addNamed [ null, '*' ]
27 silly lockFile ea593da0-foundation-cli foundation-cli@
28 verbose lock foundation-cli@ /Users/Nathaniel/.npm/ea593da0-foundation-cli.lock
29 verbose addNamed [ 'bower', '' ]
30 verbose addNamed [ null, '*' ]
31 silly lockFile 1240aab1-bower bower@
32 verbose lock bower@ /Users/Nathaniel/.npm/1240aab1-bower.lock
33 verbose addNamed [ 'gulp', '' ]
34 verbose addNamed [ null, '*' ]
35 silly lockFile 72f4391e-gulp gulp@
36 verbose lock gulp@ /Users/Nathaniel/.npm/72f4391e-gulp.lock
37 silly addNameRange { name: 'foundation-cli', range: '*', hasData: false }
38 silly addNameRange { name: 'bower', range: '*', hasData: false }
39 silly addNameRange { name: 'gulp', range: '*', hasData: false }
40 verbose request where is /bower
41 verbose request registry https://registry.npmjs.org/
42 verbose request id 740476ba8a3a3f38
43 verbose url raw /bower
44 verbose url resolving [ 'https://registry.npmjs.org/', './bower' ]
45 verbose url resolved https://registry.npmjs.org/bower
46 verbose request where is https://registry.npmjs.org/bower
47 info trying registry request attempt 1 at 06:34:51
48 http GET https://registry.npmjs.org/bower
49 verbose request where is /foundation-cli
50 verbose request registry https://registry.npmjs.org/
51 verbose url raw /foundation-cli
52 verbose url resolving [ 'https://registry.npmjs.org/', './foundation-cli' ]
53 verbose url resolved https://registry.npmjs.org/foundation-cli
54 verbose request where is https://registry.npmjs.org/foundation-cli
55 info trying registry request attempt 1 at 06:34:51
56 http GET https://registry.npmjs.org/foundation-cli
57 verbose request where is /gulp
58 verbose request registry https://registry.npmjs.org/
59 verbose url raw /gulp
60 verbose url resolving [ 'https://registry.npmjs.org/', './gulp' ]
61 verbose url resolved https://registry.npmjs.org/gulp
62 verbose request where is https://registry.npmjs.org/gulp
63 info trying registry request attempt 1 at 06:34:51
64 http GET https://registry.npmjs.org/gulp
65 http 200 https://registry.npmjs.org/foundation-cli
66 silly registry.get cb [ 200,
66 silly registry.get   { date: 'Fri, 05 Dec 2014 15:29:39 GMT',
66 silly registry.get     server: 'CouchDB/1.5.0 (Erlang OTP/R16B03)',
66 silly registry.get     etag: '"3TAAE2LT7PRR3CFVS6SSZIESW"',
66 silly registry.get     'content-type': 'application/json',
66 silly registry.get     'cache-control': 'max-age=60',
66 silly registry.get     'content-length': '8912',
66 silly registry.get     'accept-ranges': 'bytes',
66 silly registry.get     via: '1.1 varnish',
66 silly registry.get     age: '0',
66 silly registry.get     'x-served-by': 'cache-atl6227-ATL',
66 silly registry.get     'x-cache': 'HIT',
66 silly registry.get     'x-cache-hits': '1',
66 silly registry.get     'x-timer': 'S1417793379.880926,VS0,VE21',
66 silly registry.get     vary: 'Accept',
66 silly registry.get     'keep-alive': 'timeout=10, max=50',
66 silly registry.get     connection: 'Keep-Alive' } ]
67 silly addNameRange number 2 { name: 'foundation-cli', range: '*', hasData: true }
68 silly addNameRange versions [ 'foundation-cli',
68 silly addNameRange   [ '0.1.0', '0.2.0', '1.0.0-rc.1', '1.0.0', '1.0.1', '1.0.2' ] ]
69 verbose addNamed [ 'foundation-cli', '1.0.2' ]
70 verbose addNamed [ '1.0.2', '1.0.2' ]
71 silly lockFile 61d02a50-foundation-cli-1-0-2 foundation-cli@1.0.2
72 verbose lock foundation-cli@1.0.2 /Users/Nathaniel/.npm/61d02a50-foundation-cli-1-0-2.lock
73 silly lockFile 5cc141f3-ion-cli-foundation-cli-1-0-2-tgz https://registry.npmjs.org/foundation-cli/-/foundation-cli-1.0.2.tgz
74 verbose lock https://registry.npmjs.org/foundation-cli/-/foundation-cli-1.0.2.tgz /Users/Nathaniel/.npm/5cc141f3-ion-cli-foundation-cli-1-0-2-tgz.lock
75 verbose addRemoteTarball [ 'https://registry.npmjs.org/foundation-cli/-/foundation-cli-1.0.2.tgz',
75 verbose addRemoteTarball   'a9b8978033ec6866dadb5b0d9d3dce9f4567bb5b' ]
76 info retry fetch attempt 1 at 06:34:51
77 verbose fetch to= /var/folders/ym/3qcs_4t10y3gv9kpsj6yw8s40000gq/T/npm-3947-pv7CezF6/registry.npmjs.org/foundation-cli/-/foundation-cli-1.0.2.tgz
78 http GET https://registry.npmjs.org/foundation-cli/-/foundation-cli-1.0.2.tgz
79 http 200 https://registry.npmjs.org/bower
80 silly registry.get cb [ 200,
80 silly registry.get   { date: 'Fri, 05 Dec 2014 15:29:39 GMT',
80 silly registry.get     server: 'CouchDB/1.5.0 (Erlang OTP/R16B03)',
80 silly registry.get     etag: '"7EM87F3WFA2SLWLKI1RTJORMW"',
80 silly registry.get     'content-type': 'application/json',
80 silly registry.get     'cache-control': 'max-age=60',
80 silly registry.get     'content-length': '105586',
80 silly registry.get     'accept-ranges': 'bytes',
80 silly registry.get     via: '1.1 varnish',
80 silly registry.get     age: '37',
80 silly registry.get     'x-served-by': 'cache-atl6223-ATL',
80 silly registry.get     'x-cache': 'HIT',
80 silly registry.get     'x-cache-hits': '1',
80 silly registry.get     'x-timer': 'S1417793379.878389,VS0,VE1',
80 silly registry.get     vary: 'Accept',
80 silly registry.get     'keep-alive': 'timeout=10, max=50',
80 silly registry.get     connection: 'Keep-Alive' } ]
81 http 200 https://registry.npmjs.org/gulp
82 silly registry.get cb [ 200,
82 silly registry.get   { date: 'Fri, 05 Dec 2014 15:29:39 GMT',
82 silly registry.get     server: 'CouchDB/1.5.0 (Erlang OTP/R16B03)',
82 silly registry.get     etag: '"AL5TS2FBBG18T0FHL4KWNLX1J"',
82 silly registry.get     'content-type': 'application/json',
82 silly registry.get     'cache-control': 'max-age=60',
82 silly registry.get     'content-length': '96078',
82 silly registry.get     'accept-ranges': 'bytes',
82 silly registry.get     via: '1.1 varnish',
82 silly registry.get     age: '11',
82 silly registry.get     'x-served-by': 'cache-atl6227-ATL',
82 silly registry.get     'x-cache': 'HIT',
82 silly registry.get     'x-cache-hits': '1',
82 silly registry.get     'x-timer': 'S1417793379.884287,VS0,VE0',
82 silly registry.get     vary: 'Accept',
82 silly registry.get     'keep-alive': 'timeout=10, max=50',
82 silly registry.get     connection: 'Keep-Alive' } ]
83 silly addNameRange number 2 { name: 'bower', range: '*', hasData: true }
84 silly addNameRange versions [ 'bower',
84 silly addNameRange   [ '0.1.0',
84 silly addNameRange     '0.1.2',
84 silly addNameRange     '0.1.3',
84 silly addNameRange     '0.2.0',
84 silly addNameRange     '0.3.0',
84 silly addNameRange     '0.3.1',
84 silly addNameRange     '0.3.2',
84 silly addNameRange     '0.4.0',
84 silly addNameRange     '0.5.0',
84 silly addNameRange     '0.5.1',
84 silly addNameRange     '0.6.0',
84 silly addNameRange     '0.6.1',
84 silly addNameRange     '0.6.2',
84 silly addNameRange     '0.6.3',
84 silly addNameRange     '0.6.4',
84 silly addNameRange     '0.6.5',
84 silly addNameRange     '0.6.6',
84 silly addNameRange     '0.6.7',
84 silly addNameRange     '0.6.8',
84 silly addNameRange     '0.7.0',
84 silly addNameRange     '0.7.1',
84 silly addNameRange     '0.8.0',
84 silly addNameRange     '0.8.1',
84 silly addNameRange     '0.8.2',
84 silly addNameRange     '0.8.3',
84 silly addNameRange     '0.8.4',
84 silly addNameRange     '0.8.5',
84 silly addNameRange     '0.8.6',
84 silly addNameRange     '0.9.0',
84 silly addNameRange     '0.9.1',
84 silly addNameRange     '0.9.2',
84 silly addNameRange     '0.10.0',
84 silly addNameRange     '1.0.0',
84 silly addNameRange     '1.0.1',
84 silly addNameRange     '1.0.2',
84 silly addNameRange     '1.0.3',
84 silly addNameRange     '1.1.0',
84 silly addNameRange     '1.1.1',
84 silly addNameRange     '1.1.2',
84 silly addNameRange     '1.2.0',
84 silly addNameRange     '1.2.1',
84 silly addNameRange     '1.2.2',
84 silly addNameRange     '1.2.3',
84 silly addNameRange     '1.2.4',
84 silly addNameRange     '1.2.5',
84 silly addNameRange     '1.2.6',
84 silly addNameRange     '1.2.7',
84 silly addNameRange     '1.2.8',
84 silly addNameRange     '1.3.0',
84 silly addNameRange     '1.3.1',
84 silly addNameRange     '1.3.2',
84 silly addNameRange     '1.3.3',
84 silly addNameRange     '1.3.4',
84 silly addNameRange     '1.3.5',
84 silly addNameRange     '1.3.6',
84 silly addNameRange     '1.3.7',
84 silly addNameRange     '1.3.8',
84 silly addNameRange     '1.3.9',
84 silly addNameRange     '1.3.10',
84 silly addNameRange     '1.3.11',
84 silly addNameRange     '1.3.12' ] ]
85 verbose addNamed [ 'bower', '1.3.12' ]
86 verbose addNamed [ '1.3.12', '1.3.12' ]
87 silly lockFile 9819431c-bower-1-3-12 bower@1.3.12
88 verbose lock bower@1.3.12 /Users/Nathaniel/.npm/9819431c-bower-1-3-12.lock
89 silly addNameRange number 2 { name: 'gulp', range: '*', hasData: true }
90 silly addNameRange versions [ 'gulp',
90 silly addNameRange   [ '0.0.1',
90 silly addNameRange     '0.0.2',
90 silly addNameRange     '0.0.3',
90 silly addNameRange     '0.0.4',
90 silly addNameRange     '0.0.5',
90 silly addNameRange     '0.0.7',
90 silly addNameRange     '0.0.8',
90 silly addNameRange     '0.0.9',
90 silly addNameRange     '0.1.0',
90 silly addNameRange     '0.2.0',
90 silly addNameRange     '1.0.0',
90 silly addNameRange     '1.1.0',
90 silly addNameRange     '1.2.0',
90 silly addNameRange     '1.2.1',
90 silly addNameRange     '2.0.0',
90 silly addNameRange     '2.0.1',
90 silly addNameRange     '2.1.0',
90 silly addNameRange     '2.2.0',
90 silly addNameRange     '2.3.0',
90 silly addNameRange     '2.4.0',
90 silly addNameRange     '2.4.1',
90 silly addNameRange     '2.6.0',
90 silly addNameRange     '2.6.1',
90 silly addNameRange     '2.7.0',
90 silly addNameRange     '3.0.0',
90 silly addNameRange     '3.1.1',
90 silly addNameRange     '3.1.2',
90 silly addNameRange     '3.1.3',
90 silly addNameRange     '3.1.4',
90 silly addNameRange     '3.2.0',
90 silly addNameRange     '3.2.1',
90 silly addNameRange     '3.2.2',
90 silly addNameRange     '3.2.3',
90 silly addNameRange     '3.2.4',
90 silly addNameRange     '3.2.5',
90 silly addNameRange     '3.3.0',
90 silly addNameRange     '3.3.1',
90 silly addNameRange     '3.3.2',
90 silly addNameRange     '3.3.4',
90 silly addNameRange     '3.4.0',
90 silly addNameRange     '3.5.0',
90 silly addNameRange     '3.5.1',
90 silly addNameRange     '3.5.2',
90 silly addNameRange     '3.5.5',
90 silly addNameRange     '3.5.6',
90 silly addNameRange     '3.6.0',
90 silly addNameRange     '3.6.1',
90 silly addNameRange     '3.6.2',
90 silly addNameRange     '3.7.0',
90 silly addNameRange     '3.8.0',
90 silly addNameRange     '3.8.1',
90 silly addNameRange     '3.8.2',
90 silly addNameRange     '3.8.3',
90 silly addNameRange     '3.8.4',
90 silly addNameRange     '3.8.5',
90 silly addNameRange     '3.8.6',
90 silly addNameRange     '3.8.7',
90 silly addNameRange     '3.8.8',
90 silly addNameRange     '3.8.9',
90 silly addNameRange     '3.8.10' ] ]
91 verbose addNamed [ 'gulp', '3.8.10' ]
92 verbose addNamed [ '3.8.10', '3.8.10' ]
93 silly lockFile f843d0d7-gulp-3-8-10 gulp@3.8.10
94 verbose lock gulp@3.8.10 /Users/Nathaniel/.npm/f843d0d7-gulp-3-8-10.lock
95 silly lockFile b05fd70b-npmjs-org-bower-bower-1-3-12-tgz https://registry.npmjs.org/bower/-/bower-1.3.12.tgz
96 verbose lock https://registry.npmjs.org/bower/-/bower-1.3.12.tgz /Users/Nathaniel/.npm/b05fd70b-npmjs-org-bower-bower-1-3-12-tgz.lock
97 silly lockFile b3287162-y-npmjs-org-gulp-gulp-3-8-10-tgz https://registry.npmjs.org/gulp/-/gulp-3.8.10.tgz
98 verbose lock https://registry.npmjs.org/gulp/-/gulp-3.8.10.tgz /Users/Nathaniel/.npm/b3287162-y-npmjs-org-gulp-gulp-3-8-10-tgz.lock
99 verbose addRemoteTarball [ 'https://registry.npmjs.org/bower/-/bower-1.3.12.tgz',
99 verbose addRemoteTarball   '37de0edb3904baf90aee13384a1a379a05ee214c' ]
100 verbose addRemoteTarball [ 'https://registry.npmjs.org/gulp/-/gulp-3.8.10.tgz',
100 verbose addRemoteTarball   'bfb8fc156be97820f02a7f8b3af61a86666f9e31' ]
101 info retry fetch attempt 1 at 06:34:51
102 verbose fetch to= /var/folders/ym/3qcs_4t10y3gv9kpsj6yw8s40000gq/T/npm-3947-pv7CezF6/registry.npmjs.org/bower/-/bower-1.3.12.tgz
103 info retry fetch attempt 1 at 06:34:51
104 verbose fetch to= /var/folders/ym/3qcs_4t10y3gv9kpsj6yw8s40000gq/T/npm-3947-pv7CezF6/registry.npmjs.org/gulp/-/gulp-3.8.10.tgz
105 http GET https://registry.npmjs.org/bower/-/bower-1.3.12.tgz
106 http GET https://registry.npmjs.org/gulp/-/gulp-3.8.10.tgz
107 http 200 https://registry.npmjs.org/foundation-cli/-/foundation-cli-1.0.2.tgz
108 silly lockFile 5cc141f3-ion-cli-foundation-cli-1-0-2-tgz https://registry.npmjs.org/foundation-cli/-/foundation-cli-1.0.2.tgz
109 silly lockFile 5cc141f3-ion-cli-foundation-cli-1-0-2-tgz https://registry.npmjs.org/foundation-cli/-/foundation-cli-1.0.2.tgz
110 silly lockFile 61d02a50-foundation-cli-1-0-2 foundation-cli@1.0.2
111 silly lockFile 61d02a50-foundation-cli-1-0-2 foundation-cli@1.0.2
112 silly lockFile ea593da0-foundation-cli foundation-cli@
113 silly lockFile ea593da0-foundation-cli foundation-cli@
114 http 200 https://registry.npmjs.org/gulp/-/gulp-3.8.10.tgz
115 http 200 https://registry.npmjs.org/bower/-/bower-1.3.12.tgz
116 silly lockFile b3287162-y-npmjs-org-gulp-gulp-3-8-10-tgz https://registry.npmjs.org/gulp/-/gulp-3.8.10.tgz
117 silly lockFile b3287162-y-npmjs-org-gulp-gulp-3-8-10-tgz https://registry.npmjs.org/gulp/-/gulp-3.8.10.tgz
118 silly lockFile f843d0d7-gulp-3-8-10 gulp@3.8.10
119 silly lockFile f843d0d7-gulp-3-8-10 gulp@3.8.10
120 silly lockFile 72f4391e-gulp gulp@
121 silly lockFile 72f4391e-gulp gulp@
122 silly lockFile b05fd70b-npmjs-org-bower-bower-1-3-12-tgz https://registry.npmjs.org/bower/-/bower-1.3.12.tgz
123 silly lockFile b05fd70b-npmjs-org-bower-bower-1-3-12-tgz https://registry.npmjs.org/bower/-/bower-1.3.12.tgz
124 silly lockFile 9819431c-bower-1-3-12 bower@1.3.12
125 silly lockFile 9819431c-bower-1-3-12 bower@1.3.12
126 silly lockFile 1240aab1-bower bower@
127 silly lockFile 1240aab1-bower bower@
128 silly resolved [ { name: 'foundation-cli',
128 silly resolved     version: '1.0.2',
128 silly resolved     description: 'Command-line interface for Foundation for Apps.',
128 silly resolved     main: './bin/cli.js',
128 silly resolved     dependencies:
128 silly resolved      { bower: '^1.3.12',
128 silly resolved        colors: '^1.0.3',
128 silly resolved        exec: '^0.1.2',
128 silly resolved        'is-root': '^1.0.0',
128 silly resolved        nopt: '^3.0.1',
128 silly resolved        open: '0.0.5',
128 silly resolved        rimraf: '^2.2.8',
128 silly resolved        'single-line-log': '^0.4.1',
128 silly resolved        'string-length': '^1.0.0',
128 silly resolved        'update-notifier': '^0.2.2' },
128 silly resolved     scripts:
128 silly resolved      { postinstall: 'node lib/welcome.js',
128 silly resolved        test: './bin/cli.js new test' },
128 silly resolved     bin: { 'foundation-apps': './bin/cli.js' },
128 silly resolved     author: { name: 'ZURB' },
128 silly resolved     license: 'MIT',
128 silly resolved     gitHead: 'ff957f81b4d36e6a6a5323340f02e931a0b656bc',
128 silly resolved     _id: 'foundation-cli@1.0.2',
128 silly resolved     _shasum: 'a9b8978033ec6866dadb5b0d9d3dce9f4567bb5b',
128 silly resolved     _from: 'foundation-cli@',
128 silly resolved     _npmVersion: '2.1.10',
128 silly resolved     _nodeVersion: '0.10.33',
128 silly resolved     _npmUser: { name: 'gakimball', email: 'geoff@zurb.com' },
128 silly resolved     maintainers: [ [Object] ],
128 silly resolved     dist:
128 silly resolved      { shasum: 'a9b8978033ec6866dadb5b0d9d3dce9f4567bb5b',
128 silly resolved        tarball: 'http://registry.npmjs.org/foundation-cli/-/foundation-cli-1.0.2.tgz' },
128 silly resolved     directories: {},
128 silly resolved     _resolved: 'https://registry.npmjs.org/foundation-cli/-/foundation-cli-1.0.2.tgz' },
128 silly resolved   { name: 'gulp',
128 silly resolved     description: 'The streaming build system',
128 silly resolved     version: '3.8.10',
128 silly resolved     homepage: 'http://gulpjs.com',
128 silly resolved     repository: { type: 'git', url: 'https://github.com/gulpjs/gulp' },
128 silly resolved     author:
128 silly resolved      { name: 'Fractal',
128 silly resolved        email: 'contact@wearefractal.com',
128 silly resolved        url: 'http://wearefractal.com/' },
128 silly resolved     tags: [ 'build', 'stream', 'system', 'make', 'tool', 'asset', 'pipeline' ],
128 silly resolved     files: [ 'index.js', 'lib', 'bin', 'completion' ],
128 silly resolved     bin: { gulp: './bin/gulp.js' },
128 silly resolved     man: [ 'gulp.1' ],
128 silly resolved     dependencies:
128 silly resolved      { archy: '^1.0.0',
128 silly resolved        chalk: '^0.5.0',
128 silly resolved        deprecated: '^0.0.1',
128 silly resolved        'gulp-util': '^3.0.0',
128 silly resolved        interpret: '^0.3.2',
128 silly resolved        liftoff: '^0.13.2',
128 silly resolved        minimist: '^1.1.0',
128 silly resolved        orchestrator: '^0.3.0',
128 silly resolved        'pretty-hrtime': '^0.2.0',
128 silly resolved        semver: '^4.1.0',
128 silly resolved        tildify: '^1.0.0',
128 silly resolved        v8flags: '^1.0.1',
128 silly resolved        'vinyl-fs': '^0.3.0' },
128 silly resolved     devDependencies:
128 silly resolved      { coveralls: '^2.7.0',
128 silly resolved        'graceful-fs': '^3.0.0',
128 silly resolved        istanbul: '^0.3.0',
128 silly resolved        jshint: '^2.5.0',
128 silly resolved        'jshint-stylish': '^1.0.0',
128 silly resolved        'marked-man': '^0.1.3',
128 silly resolved        mkdirp: '^0.5.0',
128 silly resolved        mocha: '^2.0.1',
128 silly resolved        'mocha-lcov-reporter': '^0.0.1',
128 silly resolved        q: '^1.0.0',
128 silly resolved        rimraf: '^2.2.5',
128 silly resolved        should: '^4.0.0' },
128 silly resolved     scripts:
128 silly resolved      { prepublish: 'marked-man --name gulp docs/CLI.md > gulp.1',
128 silly resolved        lint: 'jshint lib bin index.js --reporter node_modules/jshint-stylish/stylish.js --exclude node_modules',
128 silly resolved        test: 'npm run-script lint && mocha --reporter spec',
128 silly resolved        coveralls: 'istanbul cover _mocha --report lcovonly -- -R spec && cat ./coverage/lcov.info | coveralls && rm -rf ./coverage' },
128 silly resolved     engineStrict: true,
128 silly resolved     engines: { node: '>= 0.9' },
128 silly resolved     licenses: [ [Object] ],
128 silly resolved     gitHead: '0203bccdc7397991da68ea3e51fef7b2df75a46f',
128 silly resolved     bugs: { url: 'https://github.com/gulpjs/gulp/issues' },
128 silly resolved     _id: 'gulp@3.8.10',
128 silly resolved     _shasum: 'bfb8fc156be97820f02a7f8b3af61a86666f9e31',
128 silly resolved     _from: 'gulp@',
128 silly resolved     _npmVersion: '2.1.6',
128 silly resolved     _nodeVersion: '0.10.33',
128 silly resolved     _npmUser: { name: 'fractal', email: 'contact@wearefractal.com' },
128 silly resolved     maintainers: [ [Object] ],
128 silly resolved     dist:
128 silly resolved      { shasum: 'bfb8fc156be97820f02a7f8b3af61a86666f9e31',
128 silly resolved        tarball: 'http://registry.npmjs.org/gulp/-/gulp-3.8.10.tgz' },
128 silly resolved     directories: {},
128 silly resolved     _resolved: 'https://registry.npmjs.org/gulp/-/gulp-3.8.10.tgz' },
128 silly resolved   { name: 'bower',
128 silly resolved     version: '1.3.12',
128 silly resolved     description: 'The browser package manager',
128 silly resolved     author: { name: 'Twitter' },
128 silly resolved     licenses: [ [Object] ],
128 silly resolved     repository: { type: 'git', url: 'https://github.com/bower/bower' },
128 silly resolved     main: 'lib',
128 silly resolved     homepage: 'http://bower.io',
128 silly resolved     engines: { node: '>=0.10.0' },
128 silly resolved     dependencies:
128 silly resolved      { abbrev: '~1.0.4',
128 silly resolved        archy: '0.0.2',
128 silly resolved        'bower-config': '~0.5.2',
128 silly resolved        'bower-endpoint-parser': '~0.2.2',
128 silly resolved        'bower-json': '~0.4.0',
128 silly resolved        'bower-logger': '~0.2.2',
128 silly resolved        'bower-registry-client': '~0.2.0',
128 silly resolved        cardinal: '0.4.0',
128 silly resolved        chalk: '0.5.0',
128 silly resolved        chmodr: '0.1.0',
128 silly resolved        'decompress-zip': '0.0.8',
128 silly resolved        fstream: '~1.0.2',
128 silly resolved        'fstream-ignore': '~1.0.1',
128 silly resolved        glob: '~4.0.2',
128 silly resolved        'graceful-fs': '~3.0.1',
128 silly resolved        handlebars: '~2.0.0',
128 silly resolved        inquirer: '0.7.1',
128 silly resolved        insight: '0.4.3',
128 silly resolved        'is-root': '~1.0.0',
128 silly resolved        junk: '~1.0.0',
128 silly resolved        lockfile: '~1.0.0',
128 silly resolved        'lru-cache': '~2.5.0',
128 silly resolved        mkdirp: '0.5.0',
128 silly resolved        mout: '~0.9.0',
128 silly resolved        nopt: '~3.0.0',
128 silly resolved        opn: '~1.0.0',
128 silly resolved        osenv: '0.1.0',
128 silly resolved        'p-throttler': '0.1.0',
128 silly resolved        promptly: '0.2.0',
128 silly resolved        q: '~1.0.1',
128 silly resolved        request: '~2.42.0',
128 silly resolved        'request-progress': '0.3.0',
128 silly resolved        retry: '0.6.0',
128 silly resolved        rimraf: '~2.2.0',
128 silly resolved        semver: '~2.3.0',
128 silly resolved        'shell-quote': '~1.4.1',
128 silly resolved        'stringify-object': '~1.0.0',
128 silly resolved        'tar-fs': '0.5.2',
128 silly resolved        tmp: '0.0.23',
128 silly resolved        'update-notifier': '0.2.0',
128 silly resolved        which: '~1.0.5' },
128 silly resolved     devDependencies:
128 silly resolved      { coveralls: '~2.11.0',
128 silly resolved        'expect.js': '~0.3.1',
128 silly resolved        grunt: '~0.4.4',
128 silly resolved        'grunt-cli': '^0.1.13',
128 silly resolved        'grunt-contrib-jshint': '~0.10.0',
128 silly resolved        'grunt-contrib-watch': '~0.6.1',
128 silly resolved        'grunt-exec': '~0.4.2',
128 silly resolved        'grunt-simple-mocha': '~0.4.0',
128 silly resolved        istanbul: '~0.3.2',
128 silly resolved        'load-grunt-tasks': '~0.6.0',
128 silly resolved        mocha: '~1.21.4',
128 silly resolved        nock: '~0.46.0',
128 silly resolved        'node-uuid': '~1.4.1',
128 silly resolved        proxyquire: '~1.0.1' },
128 silly resolved     scripts: { test: 'grunt test' },
128 silly resolved     bin: { bower: 'bin/bower' },
128 silly resolved     preferGlobal: true,
128 silly resolved     gitHead: 'b26c072f0db054a1902ec4d2e3726dbf8a1c799a',
128 silly resolved     bugs: { url: 'https://github.com/bower/bower/issues' },
128 silly resolved     _id: 'bower@1.3.12',
128 silly resolved     _shasum: '37de0edb3904baf90aee13384a1a379a05ee214c',
128 silly resolved     _from: 'bower@',
128 silly resolved     _npmVersion: '2.0.0',
128 silly resolved     _npmUser: { name: 'sheerun', email: 'sheerun@sher.pl' },
128 silly resolved     maintainers: [ [Object], [Object], [Object], [Object], [Object], [Object] ],
128 silly resolved     dist:
128 silly resolved      { shasum: '37de0edb3904baf90aee13384a1a379a05ee214c',
128 silly resolved        tarball: 'http://registry.npmjs.org/bower/-/bower-1.3.12.tgz' },
128 silly resolved     directories: {},
128 silly resolved     _resolved: 'https://registry.npmjs.org/bower/-/bower-1.3.12.tgz' } ]
129 info install foundation-cli@1.0.2 into /usr/local/lib
130 info install gulp@3.8.10 into /usr/local/lib
131 info install bower@1.3.12 into /usr/local/lib
132 info installOne foundation-cli@1.0.2
133 info installOne gulp@3.8.10
134 info installOne bower@1.3.12
135 verbose lib/node_modules/foundation-cli unbuild
136 verbose lib/node_modules/gulp unbuild
137 verbose lib/node_modules/bower unbuild
138 verbose tar unpack /Users/Nathaniel/.npm/foundation-cli/1.0.2/package.tgz
139 silly lockFile a98f0883--lib-node-modules-foundation-cli tar:///usr/local/lib/node_modules/foundation-cli
140 verbose lock tar:///usr/local/lib/node_modules/foundation-cli /Users/Nathaniel/.npm/a98f0883--lib-node-modules-foundation-cli.lock
141 silly lockFile 449a1a4e-foundation-cli-1-0-2-package-tgz tar:///Users/Nathaniel/.npm/foundation-cli/1.0.2/package.tgz
142 verbose lock tar:///Users/Nathaniel/.npm/foundation-cli/1.0.2/package.tgz /Users/Nathaniel/.npm/449a1a4e-foundation-cli-1-0-2-package-tgz.lock
143 verbose tar unpack /Users/Nathaniel/.npm/gulp/3.8.10/package.tgz
144 silly lockFile f8641481--usr-local-lib-node-modules-gulp tar:///usr/local/lib/node_modules/gulp
145 verbose lock tar:///usr/local/lib/node_modules/gulp /Users/Nathaniel/.npm/f8641481--usr-local-lib-node-modules-gulp.lock
146 silly lockFile 18782220-niel-npm-gulp-3-8-10-package-tgz tar:///Users/Nathaniel/.npm/gulp/3.8.10/package.tgz
147 verbose lock tar:///Users/Nathaniel/.npm/gulp/3.8.10/package.tgz /Users/Nathaniel/.npm/18782220-niel-npm-gulp-3-8-10-package-tgz.lock
148 verbose tar unpack /Users/Nathaniel/.npm/bower/1.3.12/package.tgz
149 silly lockFile 1396471b-usr-local-lib-node-modules-bower tar:///usr/local/lib/node_modules/bower
150 verbose lock tar:///usr/local/lib/node_modules/bower /Users/Nathaniel/.npm/1396471b-usr-local-lib-node-modules-bower.lock
151 silly lockFile cf4f8638-iel-npm-bower-1-3-12-package-tgz tar:///Users/Nathaniel/.npm/bower/1.3.12/package.tgz
152 verbose lock tar:///Users/Nathaniel/.npm/bower/1.3.12/package.tgz /Users/Nathaniel/.npm/cf4f8638-iel-npm-bower-1-3-12-package-tgz.lock
153 silly gunzTarPerm modes [ '755', '644' ]
154 silly gunzTarPerm modes [ '755', '644' ]
155 silly gunzTarPerm modes [ '755', '644' ]
156 error Error: EACCES, mkdir '/usr/local/lib/node_modules/foundation-cli'
156 error  { [Error: EACCES, mkdir '/usr/local/lib/node_modules/foundation-cli']
156 error   errno: 3,
156 error   code: 'EACCES',
156 error   path: '/usr/local/lib/node_modules/foundation-cli',
156 error   fstream_type: 'Directory',
156 error   fstream_path: '/usr/local/lib/node_modules/foundation-cli',
156 error   fstream_class: 'DirWriter',
156 error   fstream_stack:
156 error    [ '/usr/local/lib/node_modules/npm/node_modules/fstream/lib/dir-writer.js:36:23',
156 error      '/usr/local/lib/node_modules/npm/node_modules/mkdirp/index.js:46:53',
156 error      'Object.oncomplete (fs.js:107:15)' ] }
157 error Please try running this command again as root/Administrator.
158 error System Darwin 14.0.0
159 error command "node" "/usr/local/bin/npm" "install" "-g" "foundation-cli" "bower" "gulp"
160 error cwd /Users/Nathaniel/Documents/StudentOnline
161 error node -v v0.10.33
162 error npm -v 1.4.28
163 error path /usr/local/lib/node_modules/foundation-cli
164 error fstream_path /usr/local/lib/node_modules/foundation-cli
165 error fstream_type Directory
166 error fstream_class DirWriter
167 error code EACCES
168 error errno 3
169 error stack Error: EACCES, mkdir '/usr/local/lib/node_modules/foundation-cli'
170 error fstream_stack /usr/local/lib/node_modules/npm/node_modules/fstream/lib/dir-writer.js:36:23
170 error fstream_stack /usr/local/lib/node_modules/npm/node_modules/mkdirp/index.js:46:53
170 error fstream_stack Object.oncomplete (fs.js:107:15)
171 verbose exit [ 3, true ]
